# JRE version: Java(TM) SE Runtime Environment (8.0_171-b11) (build 1.8.0_171-b11)
# Java VM: Java HotSpot(TM) 64-Bit Server VM (25.171-b11 mixed mode linux-amd64 compressed oops)
Heap:
 PSYoungGen      total 189952K, used 15492K [0x00000000eab00000, 0x00000000f7780000, 0x0000000100000000)
  eden space 170496K, 0% used [0x00000000eab00000,0x00000000eab00000,0x00000000f5180000)
  from space 19456K, 79% used [0x00000000f5180000,0x00000000f60a12f8,0x00000000f6480000)
  to   space 14336K, 0% used [0x00000000f6980000,0x00000000f6980000,0x00000000f7780000)
 ParOldGen       total 82432K, used 39815K [0x00000000c0000000, 0x00000000c5080000, 0x00000000eab00000)
  object space 82432K, 48% used [0x00000000c0000000,0x00000000c26e1cc0,0x00000000c5080000)
 Metaspace       used 52106K, capacity 54166K, committed 54400K, reserved 1095680K
  class space    used 7034K, capacity 7689K, committed 7808K, reserved 1048576K
GC Heap History (10 events):
Event: 25,081 GC heap after
Heap after GC invocations=13 (full 2):
 PSYoungGen      total 112128K, used 8019K [0x00000000eab00000, 0x00000000f4100000, 0x0000000100000000)
  eden space 100864K, 0% used [0x00000000eab00000,0x00000000eab00000,0x00000000f0d80000)
  from space 11264K, 71% used [0x00000000f0d80000,0x00000000f1554c68,0x00000000f1880000)
  to   space 11776K, 0% used [0x00000000f3580000,0x00000000f3580000,0x00000000f4100000)
 ParOldGen       total 47616K, used 18011K [0x00000000c0000000, 0x00000000c2e80000, 0x00000000eab00000)
  object space 47616K, 37% used [0x00000000c0000000,0x00000000c1196c30,0x00000000c2e80000)
 Metaspace       used 39245K, capacity 40076K, committed 40320K, reserved 1083392K
  class space    used 5409K, capacity 5678K, committed 5760K, reserved 1048576K
}
Event: 26,689 GC heap before
{Heap before GC invocations=14 (full 2):
 PSYoungGen      total 112128K, used 108883K [0x00000000eab00000, 0x00000000f4100000, 0x0000000100000000)
  eden space 100864K, 100% used [0x00000000eab00000,0x00000000f0d80000,0x00000000f0d80000)
  from space 11264K, 71% used [0x00000000f0d80000,0x00000000f1554c68,0x00000000f1880000)
  to   space 11776K, 0% used [0x00000000f3580000,0x00000000f3580000,0x00000000f4100000)
 ParOldGen       total 47616K, used 18011K [0x00000000c0000000, 0x00000000c2e80000, 0x00000000eab00000)
  object space 47616K, 37% used [0x00000000c0000000,0x00000000c1196c30,0x00000000c2e80000)
 Metaspace       used 41465K, capacity 42454K, committed 42752K, reserved 1085440K
  class space    used 5757K, capacity 6072K, committed 6144K, reserved 1048576K
Event: 26,759 GC heap after
Heap after GC invocations=14 (full 2):
 PSYoungGen      total 139264K, used 11744K [0x00000000eab00000, 0x00000000f5000000, 0x0000000100000000)
  eden space 127488K, 0% used [0x00000000eab00000,0x00000000eab00000,0x00000000f2780000)
  from space 11776K, 99% used [0x00000000f3580000,0x00000000f40f8010,0x00000000f4100000)
  to   space 14336K, 0% used [0x00000000f2780000,0x00000000f2780000,0x00000000f3580000)
 ParOldGen       total 47616K, used 21062K [0x00000000c0000000, 0x00000000c2e80000, 0x00000000eab00000)
  object space 47616K, 44% used [0x00000000c0000000,0x00000000c1491ba8,0x00000000c2e80000)
 Metaspace       used 41465K, capacity 42454K, committed 42752K, reserved 1085440K
  class space    used 5757K, capacity 6072K, committed 6144K, reserved 1048576K
}
Event: 32,286 GC heap before
{Heap before GC invocations=15 (full 2):
 PSYoungGen      total 139264K, used 139232K [0x00000000eab00000, 0x00000000f5000000, 0x0000000100000000)
  eden space 127488K, 100% used [0x00000000eab00000,0x00000000f2780000,0x00000000f2780000)
  from space 11776K, 99% used [0x00000000f3580000,0x00000000f40f8010,0x00000000f4100000)
  to   space 14336K, 0% used [0x00000000f2780000,0x00000000f2780000,0x00000000f3580000)
 ParOldGen       total 47616K, used 21062K [0x00000000c0000000, 0x00000000c2e80000, 0x00000000eab00000)
  object space 47616K, 44% used [0x00000000c0000000,0x00000000c1491ba8,0x00000000c2e80000)
 Metaspace       used 44792K, capacity 46016K, committed 46080K, reserved 1089536K
  class space    used 6241K, capacity 6612K, committed 6656K, reserved 1048576K
Event: 32,352 GC heap after
Heap after GC invocations=15 (full 2):
 PSYoungGen      total 141824K, used 14336K [0x00000000eab00000, 0x00000000f7c80000, 0x0000000100000000)
  eden space 127488K, 0% used [0x00000000eab00000,0x00000000eab00000,0x00000000f2780000)
  from space 14336K, 100% used [0x00000000f2780000,0x00000000f3580000,0x00000000f3580000)
  to   space 19456K, 0% used [0x00000000f6980000,0x00000000f6980000,0x00000000f7c80000)
 ParOldGen       total 47616K, used 28648K [0x00000000c0000000, 0x00000000c2e80000, 0x00000000eab00000)
  object space 47616K, 60% used [0x00000000c0000000,0x00000000c1bfa018,0x00000000c2e80000)
 Metaspace       used 44792K, capacity 46016K, committed 46080K, reserved 1089536K
  class space    used 6241K, capacity 6612K, committed 6656K, reserved 1048576K
}
Event: 147,237 GC heap before
{Heap before GC invocations=16 (full 2):
 PSYoungGen      total 141824K, used 141824K [0x00000000eab00000, 0x00000000f7c80000, 0x0000000100000000)
  eden space 127488K, 100% used [0x00000000eab00000,0x00000000f2780000,0x00000000f2780000)
  from space 14336K, 100% used [0x00000000f2780000,0x00000000f3580000,0x00000000f3580000)
  to   space 19456K, 0% used [0x00000000f6980000,0x00000000f6980000,0x00000000f7c80000)
 ParOldGen       total 47616K, used 28648K [0x00000000c0000000, 0x00000000c2e80000, 0x00000000eab00000)
  object space 47616K, 60% used [0x00000000c0000000,0x00000000c1bfa018,0x00000000c2e80000)
 Metaspace       used 46529K, capacity 48266K, committed 48512K, reserved 1091584K
  class space    used 6477K, capacity 7037K, committed 7040K, reserved 1048576K
Event: 147,291 GC heap after
Heap after GC invocations=16 (full 2):
 PSYoungGen      total 184832K, used 10539K [0x00000000eab00000, 0x00000000f7780000, 0x0000000100000000)
  eden space 170496K, 0% used [0x00000000eab00000,0x00000000eab00000,0x00000000f5180000)
  from space 14336K, 73% used [0x00000000f6980000,0x00000000f73cad38,0x00000000f7780000)
  to   space 19456K, 0% used [0x00000000f5180000,0x00000000f5180000,0x00000000f6480000)
 ParOldGen       total 47616K, used 42828K [0x00000000c0000000, 0x00000000c2e80000, 0x00000000eab00000)
  object space 47616K, 89% used [0x00000000c0000000,0x00000000c29d30c0,0x00000000c2e80000)
 Metaspace       used 46529K, capacity 48266K, committed 48512K, reserved 1091584K
  class space    used 6477K, capacity 7037K, committed 7040K, reserved 1048576K
}
Event: 147,291 GC heap before
{Heap before GC invocations=17 (full 3):
 PSYoungGen      total 184832K, used 10539K [0x00000000eab00000, 0x00000000f7780000, 0x0000000100000000)
  eden space 170496K, 0% used [0x00000000eab00000,0x00000000eab00000,0x00000000f5180000)
  from space 14336K, 73% used [0x00000000f6980000,0x00000000f73cad38,0x00000000f7780000)
  to   space 19456K, 0% used [0x00000000f5180000,0x00000000f5180000,0x00000000f6480000)
 ParOldGen       total 47616K, used 42828K [0x00000000c0000000, 0x00000000c2e80000, 0x00000000eab00000)
  object space 47616K, 89% used [0x00000000c0000000,0x00000000c29d30c0,0x00000000c2e80000)
 Metaspace       used 46529K, capacity 48266K, committed 48512K, reserved 1091584K
  class space    used 6477K, capacity 7037K, committed 7040K, reserved 1048576K
Event: 147,682 GC heap after
Heap after GC invocations=17 (full 3):
 PSYoungGen      total 184832K, used 0K [0x00000000eab00000, 0x00000000f7780000, 0x0000000100000000)
  eden space 170496K, 0% used [0x00000000eab00000,0x00000000eab00000,0x00000000f5180000)
  from space 14336K, 0% used [0x00000000f6980000,0x00000000f6980000,0x00000000f7780000)
  to   space 19456K, 0% used [0x00000000f5180000,0x00000000f5180000,0x00000000f6480000)
 ParOldGen       total 82432K, used 39807K [0x00000000c0000000, 0x00000000c5080000, 0x00000000eab00000)
  object space 82432K, 48% used [0x00000000c0000000,0x00000000c26dfcc0,0x00000000c5080000)
 Metaspace       used 46529K, capacity 48266K, committed 48512K, reserved 1091584K
  class space    used 6477K, capacity 7037K, committed 7040K, reserved 1048576K
}
Event: 227,241 GC heap before
{Heap before GC invocations=18 (full 3):
 PSYoungGen      total 184832K, used 170496K [0x00000000eab00000, 0x00000000f7780000, 0x0000000100000000)
  eden space 170496K, 100% used [0x00000000eab00000,0x00000000f5180000,0x00000000f5180000)
  from space 14336K, 0% used [0x00000000f6980000,0x00000000f6980000,0x00000000f7780000)
  to   space 19456K, 0% used [0x00000000f5180000,0x00000000f5180000,0x00000000f6480000)
 ParOldGen       total 82432K, used 39807K [0x00000000c0000000, 0x00000000c5080000, 0x00000000eab00000)
  object space 82432K, 48% used [0x00000000c0000000,0x00000000c26dfcc0,0x00000000c5080000)
 Metaspace       used 52106K, capacity 54166K, committed 54400K, reserved 1095680K
  class space    used 7034K, capacity 7689K, committed 7808K, reserved 1048576K

